<?xml version="1.0" encoding="UTF-8"?>
<!-- Generated by org.testng.reporters.JUnitReportReporter -->
<testsuite hostname="VDQADEV01-RIJL0" name="test.MoveUserStoryFromIceboxToBacklog" tests="1" failures="0" timestamp="30 Jan 2015 22:59:13 GMT" time="3.758" errors="0">
  <testcase name="verifyDragAndDropIceboxToBacklog" time="3.758" classname="test.MoveUserStoryFromIceboxToBacklog"/>
</testsuite> <!-- test.MoveUserStoryFromIceboxToBacklog -->
