<?xml version="1.0" encoding="UTF-8"?>
<!-- Generated by org.testng.reporters.JUnitReportReporter -->
<testsuite hostname="VDQADEV01-RIJL0" name="test.MoveUserStoryFromIceboxToBacklog" tests="1" failures="0" timestamp="2 Feb 2015 18:48:29 GMT" time="4.626" errors="0">
  <testcase name="verifyDragAndDropIceboxToBacklog" time="4.626" classname="test.MoveUserStoryFromIceboxToBacklog"/>
</testsuite> <!-- test.MoveUserStoryFromIceboxToBacklog -->
