<?xml version="1.0" encoding="UTF-8"?>
<!-- Generated by org.testng.reporters.JUnitReportReporter -->
<testsuite hostname="VDQADEV01-RIJL0" name="test.MoveUserStoryFromBacklogToIcebox" tests="1" failures="0" timestamp="30 Jan 2015 22:59:13 GMT" time="10.199" errors="0">
  <testcase name="verifyDragAndDropBacklogToIcebox" time="10.199" classname="test.MoveUserStoryFromBacklogToIcebox"/>
</testsuite> <!-- test.MoveUserStoryFromBacklogToIcebox -->
